Base path: C:/Program Files/Unity/Hub/Editor/2019.1.2f1/Editor/Data
Cmd: initializeCompiler
Cmd: compileComputeKernel
  api=4 insize=10367 outsize=1565 ok=1
Cmd: compileComputeKernel
  api=4 insize=4482 outsize=2297 ok=1
Cmd: compileComputeKernel
  api=4 insize=13611 outsize=15109 ok=1
Cmd: compileComputeKernel
  api=4 insize=27408 outsize=2629 ok=1
Cmd: compileComputeKernel
  api=4 insize=27408 outsize=1457 ok=1
Cmd: compileComputeKernel
  api=4 insize=27408 outsize=1305 ok=1
Cmd: compileComputeKernel
  api=4 insize=27408 outsize=1857 ok=1
Cmd: compileComputeKernel
  api=4 insize=27408 outsize=1337 ok=1
Cmd: compileComputeKernel
  api=4 insize=20360 outsize=713 ok=1
Cmd: compileComputeKernel
  api=4 insize=20360 outsize=773 ok=1
Cmd: compileComputeKernel
  api=4 insize=20360 outsize=701 ok=1
Cmd: compileComputeKernel
  api=4 insize=20360 outsize=1317 ok=1
Cmd: compileComputeKernel
  api=4 insize=20360 outsize=1377 ok=1
Cmd: compileComputeKernel
  api=4 insize=20360 outsize=1333 ok=1
Cmd: compileComputeKernel
  api=4 insize=20360 outsize=1305 ok=1
Cmd: compileComputeKernel
  api=4 insize=20360 outsize=1625 ok=1
Cmd: compileSnippet
  api=4 type=1 insize=731 outsize=574 kw=ETC1_EXTERNAL_ALPHA pd=UNITY_ENABLE_REFLECTION_BUFFERS UNITY_USE_DITHER_MASK_FOR_ALPHABLENDED_SHADOWS UNITY_PBS_USE_BRDF1 UNITY_SPECCUBE_BOX_PROJECTION UNITY_SPECCUBE_BLENDING UNITY_ENABLE_DETAIL_NORMALMAP SHADER_API_DESKTOP UNITY_COLORSPACE_GAMMA UNITY_LIGHT_PROBE_PROXY_VOLUME UNITY_LIGHTMAP_FULL_HDR ok=1
